<?xml version="1.0" encoding="UTF-8"?>
<!-- Generated by org.testng.reporters.JUnitXMLReporter -->
<testsuite ignored="2" hostname="MohansLaptop" failures="0" tests="1" name="Default test" time="21.418" errors="0" timestamp="2024-08-27T18:16:28 IST">
  <testcase classname="TestCase.TestRunner" name="ProeductTesting" time="16.888"/>
  <testcase classname="TestCase.TestRunner" name="LoginTest" time="0.0">
    <ignored/>
  </testcase> <!-- LoginTest -->
  <testcase classname="TestCase.TestRunner" name="InvalidLogin" time="0.0">
    <ignored/>
  </testcase> <!-- InvalidLogin -->
</testsuite> <!-- Default test -->
