<?xml version="1.0" encoding="UTF-8"?>
<testng-results ignored="0" total="4" passed="4" failed="0" skipped="0">
  <reporter-output>
  </reporter-output>
  <suite started-at="2024-08-28T19:10:55 IST" name="Default suite" finished-at="2024-08-28T19:10:59 IST" duration-ms="3852">
    <groups>
      <group name="cucumber">
        <method signature="AbstractTestNGCucumberTests.runScenario(io.cucumber.testng.PickleWrapper,io.cucumber.testng.FeatureWrapper)[pri:0, instance:runner.TestRunner@34a3d150]" name="runScenario" class="io.cucumber.testng.AbstractTestNGCucumberTests"/>
      </group> <!-- cucumber -->
    </groups>
    <test started-at="2024-08-28T19:10:55 IST" name="Default test" finished-at="2024-08-28T19:10:59 IST" duration-ms="3852">
      <class name="runner.TestRunner">
        <test-method is-config="true" signature="beforeSuite()[pri:0, instance:runner.TestRunner@34a3d150]" started-at="2024-08-28T19:10:55 IST" name="beforeSuite" finished-at="2024-08-28T19:10:55 IST" duration-ms="250" status="PASS">
          <reporter-output>
          </reporter-output>
        </test-method> <!-- beforeSuite -->
        <test-method is-config="true" signature="setUpClass(org.testng.ITestContext)[pri:0, instance:runner.TestRunner@34a3d150]" started-at="2024-08-28T19:10:55 IST" name="setUpClass" finished-at="2024-08-28T19:10:56 IST" duration-ms="341" status="PASS">
          <params>
            <param index="0">
              <value>
                <![CDATA[org.testng.TestRunner@1aedf08d]]>
              </value>
            </param>
          </params>
          <reporter-output>
          </reporter-output>
        </test-method> <!-- setUpClass -->
        <test-method signature="runScenario(io.cucumber.testng.PickleWrapper,io.cucumber.testng.FeatureWrapper)[pri:0, instance:runner.TestRunner@34a3d150]" started-at="2024-08-28T19:10:56 IST" name="runScenario" description="Runs Cucumber Scenarios" data-provider="scenarios" finished-at="2024-08-28T19:10:58 IST" duration-ms="1887" status="PASS">
          <params>
            <param index="0">
              <value>
                <![CDATA["Create a new Todo"]]>
              </value>
            </param>
            <param index="1">
              <value>
                <![CDATA["CRUD Operations on Todos"]]>
              </value>
            </param>
          </params>
          <reporter-output>
          </reporter-output>
        </test-method> <!-- runScenario -->
        <test-method signature="runScenario(io.cucumber.testng.PickleWrapper,io.cucumber.testng.FeatureWrapper)[pri:0, instance:runner.TestRunner@34a3d150]" started-at="2024-08-28T19:10:58 IST" name="runScenario" description="Runs Cucumber Scenarios" data-provider="scenarios" finished-at="2024-08-28T19:10:58 IST" duration-ms="64" status="PASS">
          <params>
            <param index="0">
              <value>
                <![CDATA["Fetch Todo details by ID"]]>
              </value>
            </param>
            <param index="1">
              <value>
                <![CDATA["CRUD Operations on Todos"]]>
              </value>
            </param>
          </params>
          <reporter-output>
          </reporter-output>
        </test-method> <!-- runScenario -->
        <test-method signature="runScenario(io.cucumber.testng.PickleWrapper,io.cucumber.testng.FeatureWrapper)[pri:0, instance:runner.TestRunner@34a3d150]" started-at="2024-08-28T19:10:58 IST" name="runScenario" description="Runs Cucumber Scenarios" data-provider="scenarios" finished-at="2024-08-28T19:10:59 IST" duration-ms="751" status="PASS">
          <params>
            <param index="0">
              <value>
                <![CDATA["Update an existing Todo"]]>
              </value>
            </param>
            <param index="1">
              <value>
                <![CDATA["CRUD Operations on Todos"]]>
              </value>
            </param>
          </params>
          <reporter-output>
          </reporter-output>
        </test-method> <!-- runScenario -->
        <test-method signature="runScenario(io.cucumber.testng.PickleWrapper,io.cucumber.testng.FeatureWrapper)[pri:0, instance:runner.TestRunner@34a3d150]" started-at="2024-08-28T19:10:59 IST" name="runScenario" description="Runs Cucumber Scenarios" data-provider="scenarios" finished-at="2024-08-28T19:10:59 IST" duration-ms="752" status="PASS">
          <params>
            <param index="0">
              <value>
                <![CDATA["Delete a Todo"]]>
              </value>
            </param>
            <param index="1">
              <value>
                <![CDATA["CRUD Operations on Todos"]]>
              </value>
            </param>
          </params>
          <reporter-output>
          </reporter-output>
        </test-method> <!-- runScenario -->
        <test-method is-config="true" signature="tearDownClass()[pri:0, instance:runner.TestRunner@34a3d150]" started-at="2024-08-28T19:10:59 IST" name="tearDownClass" finished-at="2024-08-28T19:10:59 IST" duration-ms="36" status="PASS">
          <reporter-output>
          </reporter-output>
        </test-method> <!-- tearDownClass -->
      </class> <!-- runner.TestRunner -->
    </test> <!-- Default test -->
  </suite> <!-- Default suite -->
</testng-results>
